生成启动时间为 2016/3/4 星期五 18:47:39。
     1>项目“H:\study\学习资料\company\new_project_mw\config_3.3\config_3.3.vcxproj”在节点 4 上(Rebuild 个目标)。
     1>ClCompile:
         F:\Program Files (x86)\VisualStudio2012\VC\bin\CL.exe /c /Zi /nologo /W3 /WX- /O2 /Oi /Oy- /GL /D WIN32 /D NDEBUG /D _CONSOLE /D _UNICODE /D UNICODE /Gm- /EHsc /MD /GS /Gy /fp:precise /Zc:wchar_t /Zc:forScope /Fo"Release\\" /Fd"Release\vc110.pdb" /Gd /TP /analyze- /errorReport:prompt config_ftp_mail.cpp config_ftp_nomail.cpp extconfig.cpp function.cpp Main.cpp
         config_ftp_mail.cpp
         config_ftp_nomail.cpp
         extconfig.cpp
         function.cpp
         Main.cpp
       Link:
         F:\Program Files (x86)\VisualStudio2012\VC\bin\link.exe /ERRORREPORT:PROMPT /OUT:"H:\study\学习资料\company\new_project_mw\Release\config_3.3.exe" /INCREMENTAL:NO /NOLOGO kernel32.lib user32.lib gdi32.lib winspool.lib comdlg32.lib advapi32.lib shell32.lib ole32.lib oleaut32.lib uuid.lib odbc32.lib odbccp32.lib /MANIFEST /MANIFESTUAC:"level='asInvoker' uiAccess='false'" /manifest:embed /DEBUG /PDB:"H:\study\学习资料\company\new_project_mw\Release\config_3.3.pdb" /SUBSYSTEM:CONSOLE /OPT:REF /OPT:ICF /LTCG /TLBID:1 /DYNAMICBASE /NXCOMPAT /IMPLIB:"H:\study\学习资料\company\new_project_mw\Release\config_3.3.lib" /MACHINE:X86 /SAFESEH Release\config_ftp_mail.obj
         Release\config_ftp_nomail.obj
         Release\extconfig.obj
         Release\function.obj
         Release\Main.obj
         正在生成代码
         已完成代码的生成
         config_3.3.vcxproj -> H:\study\学习资料\company\new_project_mw\Release\config_3.3.exe
     1>已完成生成项目“H:\study\学习资料\company\new_project_mw\config_3.3\config_3.3.vcxproj”(Rebuild 个目标)的操作。

生成成功。

已用时间 00:00:04.72
