生成启动时间为 2016/3/8 星期二 19:47:10。
     1>项目“F:\DATE\VS2012\new_project_mw\new_config_all\config_3.5\config_3.5.vcxproj”在节点 3 上(Build 个目标)。
     1>ClCompile:
         F:\Program Files (x86)\VS2015\VC\bin\CL.exe /c /Zi /nologo /W3 /WX- /O2 /Oi /Oy- /GL /D WIN32 /D NDEBUG /D _CONSOLE /D _UNICODE /D UNICODE /Gm- /EHsc /MD /GS /Gy /fp:precise /Zc:wchar_t /Zc:forScope /Zc:inline /Fo"Release\\" /Fd"Release\vc140.pdb" /Gd /TP /analyze- /errorReport:prompt config.h config_ftp_mail.cpp config_ftp_nomail.cpp function.cpp Main.cpp
         config.h
         config_ftp_mail.cpp
         config_ftp_nomail.cpp
         function.cpp
         Main.cpp
       Link:
         F:\Program Files (x86)\VS2015\VC\bin\link.exe /ERRORREPORT:PROMPT /OUT:"F:\DATE\VS2012\new_project_mw\new_config_all\Release\config_3.2.exe" /INCREMENTAL:NO /NOLOGO kernel32.lib user32.lib gdi32.lib winspool.lib comdlg32.lib advapi32.lib shell32.lib ole32.lib oleaut32.lib uuid.lib odbc32.lib odbccp32.lib /MANIFEST /MANIFESTUAC:"level='asInvoker' uiAccess='false'" /manifest:embed /Debug /PDB:"F:\DATE\VS2012\new_project_mw\new_config_all\Release\config_3.2.pdb" /SUBSYSTEM:CONSOLE /OPT:REF /OPT:ICF /LTCG:incremental /TLBID:1 /DYNAMICBASE /NXCOMPAT /IMPLIB:"F:\DATE\VS2012\new_project_mw\new_config_all\Release\config_3.2.lib" /MACHINE:X86 /SAFESEH Release\config.obj
         Release\config_ftp_mail.obj
         Release\config_ftp_nomail.obj
         Release\function.obj
         Release\Main.obj
         正在生成代码
         All 170 functions were compiled because no usable IPDB/IOBJ from previous compilation was found.
         已完成代码的生成
         config_3.5.vcxproj -> F:\DATE\VS2012\new_project_mw\new_config_all\Release\config_3.2.exe
     1>已完成生成项目“F:\DATE\VS2012\new_project_mw\new_config_all\config_3.5\config_3.5.vcxproj”(Build 个目标)的操作。

已成功生成。

已用时间 00:00:06.15
