H:\STUDY\学习资料\COMPANY\NEW_PROJECT_MW\CONFIG_SERVER\RELEASE\MAIN.OBJ
H:\STUDY\学习资料\COMPANY\NEW_PROJECT_MW\CONFIG_SERVER\RELEASE\FUNCTION_SERVER.OBJ
H:\STUDY\学习资料\COMPANY\NEW_PROJECT_MW\CONFIG_SERVER\RELEASE\FUNCTION.OBJ
H:\STUDY\学习资料\COMPANY\NEW_PROJECT_MW\CONFIG_SERVER\RELEASE\CONFIG_SERVER.OBJ
H:\STUDY\学习资料\COMPANY\NEW_PROJECT_MW\CONFIG_SERVER\RELEASE\CONFIG_FTP_MAIL.OBJ
H:\STUDY\学习资料\COMPANY\NEW_PROJECT_MW\CONFIG_SERVER\RELEASE\VC110.PDB
H:\STUDY\学习资料\COMPANY\NEW_PROJECT_MW\RELEASE\CONFIG_SERVER.EXE
H:\STUDY\学习资料\COMPANY\NEW_PROJECT_MW\RELEASE\CONFIG_SERVER.PDB
H:\study\学习资料\company\new_project_mw\config_server\Release\config_ftp_mail.obj
H:\study\学习资料\company\new_project_mw\config_server\Release\config_server.obj
H:\study\学习资料\company\new_project_mw\config_server\Release\function.obj
H:\study\学习资料\company\new_project_mw\config_server\Release\function_server.obj
H:\study\学习资料\company\new_project_mw\config_server\Release\Main.obj
H:\study\学习资料\company\new_project_mw\config_server\Release\cl.command.1.tlog
H:\study\学习资料\company\new_project_mw\config_server\Release\CL.read.1.tlog
H:\study\学习资料\company\new_project_mw\config_server\Release\CL.write.1.tlog
H:\study\学习资料\company\new_project_mw\config_server\Release\link-cvtres.read.1.tlog
H:\study\学习资料\company\new_project_mw\config_server\Release\link-cvtres.write.1.tlog
H:\study\学习资料\company\new_project_mw\config_server\Release\link-rc.read.1.tlog
H:\study\学习资料\company\new_project_mw\config_server\Release\link-rc.write.1.tlog
H:\study\学习资料\company\new_project_mw\config_server\Release\link.command.1.tlog
H:\study\学习资料\company\new_project_mw\config_server\Release\link.read.1.tlog
H:\study\学习资料\company\new_project_mw\config_server\Release\link.write.1.tlog
H:\study\学习资料\company\new_project_mw\config_server\Release\vc110.pdb
H:\study\学习资料\company\new_project_mw\Release\config_server.pdb
H:\study\学习资料\company\new_project_mw\Release\config_server.exe
